Build started 1/21/2013 2:52:51 AM.
     1>Project "C:\Users\Marc Clint Dion\Downloads\openGL_2012\ObjLoader\GLObjViewer\GLObjViewer.vcxproj" on node 2 (build target(s)).
     1>InitializeBuildStatus:
         Touching "Debug\GLObjViewer.unsuccessfulbuild".
       ClCompile:
         All outputs are up-to-date.
       ResourceCompile:
         All outputs are up-to-date.
       ManifestResourceCompile:
         All outputs are up-to-date.
       Link:
         C:\Program Files (x86)\Microsoft Visual Studio 10.0\VC\bin\link.exe /ERRORREPORT:PROMPT /OUT:"C:\Users\Marc Clint Dion\Downloads\openGL_2012\ObjLoader\GLObjViewer\Debug\GLObjViewer.exe" /INCREMENTAL /NOLOGO opengl32.lib glu32.lib olepro32.lib kernel32.lib user32.lib gdi32.lib winspool.lib comdlg32.lib advapi32.lib shell32.lib ole32.lib oleaut32.lib uuid.lib odbc32.lib odbccp32.lib /MANIFEST /ManifestFile:"Debug\GLObjViewer.exe.intermediate.manifest" /MANIFESTUAC:"level='asInvoker' uiAccess='false'" /DEBUG /PDB:"C:\Users\Marc Clint Dion\Downloads\openGL_2012\ObjLoader\GLObjViewer\Debug\GLObjViewer.pdb" /SUBSYSTEM:WINDOWS /TLBID:1 /DYNAMICBASE:NO /IMPLIB:"C:\Users\Marc Clint Dion\Downloads\openGL_2012\ObjLoader\GLObjViewer\Debug\GLObjViewer.lib" /MACHINE:X86 Debug\GLObjViewer.res
         Debug\GLObjViewer.exe.embed.manifest.res
         Debug\bitmap.obj
         Debug\gl2.obj
         Debug\main.obj
         Debug\model_obj.obj
         Debug\WGL_ARB_multisample.obj
       Manifest:
         C:\Program Files (x86)\Microsoft SDKs\Windows\v7.0A\bin\mt.exe /nologo /verbose /out:"Debug\GLObjViewer.exe.embed.manifest" /manifest Debug\GLObjViewer.exe.intermediate.manifest
         All outputs are up-to-date.
       LinkEmbedManifest:
         All outputs are up-to-date.
         GLObjViewer.vcxproj -> C:\Users\Marc Clint Dion\Downloads\openGL_2012\ObjLoader\GLObjViewer\Debug\GLObjViewer.exe
       FinalizeBuildStatus:
         Deleting file "Debug\GLObjViewer.unsuccessfulbuild".
         Touching "Debug\GLObjViewer.lastbuildstate".
     1>Done Building Project "C:\Users\Marc Clint Dion\Downloads\openGL_2012\ObjLoader\GLObjViewer\GLObjViewer.vcxproj" (build target(s)).

Build succeeded.

Time Elapsed 00:00:00.47
