Build started 1/21/2013 2:37:40 AM.
     1>Project "C:\Users\Marc Clint Dion\Downloads\openGL_2012\ObjLoader\GLObjViewer\GLObjViewer.vcxproj" on node 2 (build target(s)).
     1>InitializeBuildStatus:
         Creating "Release\GLObjViewer.unsuccessfulbuild" because "AlwaysCreate" was specified.
       ClCompile:
         C:\Program Files (x86)\Microsoft Visual Studio 10.0\VC\bin\CL.exe /c /Zi /nologo /W3 /WX- /O2 /Oy- /GL /D _CRT_SECURE_NO_DEPRECATE /D _MBCS /Gm- /EHsc /MD /GS /fp:precise /Zc:wchar_t /Zc:forScope /Fo"Release\\" /Fd"Release\vc100.pdb" /Gd /TP /analyze- /errorReport:prompt main.cpp
         main.cpp
       ResourceCompile:
         All outputs are up-to-date.
       Link:
         C:\Program Files (x86)\Microsoft Visual Studio 10.0\VC\bin\link.exe /ERRORREPORT:PROMPT /OUT:"C:\Users\Marc Clint Dion\Downloads\openGL_2012\ObjLoader\GLObjViewer\Release\GLObjViewer.exe" /INCREMENTAL:NO /NOLOGO opengl32.lib glu32.lib olepro32.lib kernel32.lib user32.lib gdi32.lib winspool.lib comdlg32.lib advapi32.lib shell32.lib ole32.lib oleaut32.lib uuid.lib odbc32.lib odbccp32.lib /MANIFEST /ManifestFile:"Release\GLObjViewer.exe.intermediate.manifest" /MANIFESTUAC:"level='asInvoker' uiAccess='false'" /DEBUG /PDB:"C:\Users\Marc Clint Dion\Downloads\openGL_2012\ObjLoader\GLObjViewer\Release\GLObjViewer.pdb" /SUBSYSTEM:WINDOWS /OPT:REF /OPT:ICF /LTCG /TLBID:1 /DYNAMICBASE:NO /IMPLIB:"C:\Users\Marc Clint Dion\Downloads\openGL_2012\ObjLoader\GLObjViewer\Release\GLObjViewer.lib" /MACHINE:X86 Release\GLObjViewer.res
         Release\bitmap.obj
         Release\gl2.obj
         Release\main.obj
         Release\model_obj.obj
         Release\WGL_ARB_multisample.obj
         Generating code
         Finished generating code
         GLObjViewer.vcxproj -> C:\Users\Marc Clint Dion\Downloads\openGL_2012\ObjLoader\GLObjViewer\Release\GLObjViewer.exe
       Manifest:
         C:\Program Files (x86)\Microsoft SDKs\Windows\v7.0A\bin\mt.exe /nologo /verbose /outputresource:"C:\Users\Marc Clint Dion\Downloads\openGL_2012\ObjLoader\GLObjViewer\Release\GLObjViewer.exe;#1" /manifest Release\GLObjViewer.exe.intermediate.manifest
       FinalizeBuildStatus:
         Deleting file "Release\GLObjViewer.unsuccessfulbuild".
         Touching "Release\GLObjViewer.lastbuildstate".
     1>Done Building Project "C:\Users\Marc Clint Dion\Downloads\openGL_2012\ObjLoader\GLObjViewer\GLObjViewer.vcxproj" (build target(s)).

Build succeeded.

Time Elapsed 00:00:02.64
